<?xml version="1.0" encoding="UTF-8"?>
<!-- Generated by org.testng.reporters.JUnitXMLReporter -->
<testsuite ignored="0" hostname="DESKTOP-0IG00SM" failures="0" tests="3" name="Default test" time="0.57" errors="0" timestamp="2020-06-25T10:29:03 IST">
  <testcase classname="test.addAndDeleteAddress" name="@BeforeTest setUpBrowser" time="-1.593061142647E9">
    <failure type="org.testng.TestNGException" message="
Parameter &amp;apos;browser&amp;apos; is required by BeforeTest on method setUpBrowser but has not been marked @Optional or defined
in C:\Users\harig\AppData\Local\Temp\testng-eclipse-459763215\testng-customsuite.xml">
      <![CDATA[org.testng.TestNGException: 
Parameter 'browser' is required by BeforeTest on method setUpBrowser but has not been marked @Optional or defined
in C:\Users\harig\AppData\Local\Temp\testng-eclipse-459763215\testng-customsuite.xml
at org.testng.internal.Parameters.createParams(Parameters.java:272)
at org.testng.internal.Parameters.createParametersForMethod(Parameters.java:360)
at org.testng.internal.Parameters.createParameters(Parameters.java:704)
at org.testng.internal.Parameters.createConfigurationParameters(Parameters.java:166)
at org.testng.internal.ConfigInvoker.invokeConfigurations(ConfigInvoker.java:283)
at org.testng.TestRunner.invokeTestConfigurations(TestRunner.java:619)
at org.testng.TestRunner.beforeRun(TestRunner.java:609)
at org.testng.TestRunner.run(TestRunner.java:580)
at org.testng.SuiteRunner.runTest(SuiteRunner.java:384)
at org.testng.SuiteRunner.runSequentially(SuiteRunner.java:378)
at org.testng.SuiteRunner.privateRun(SuiteRunner.java:337)
at org.testng.SuiteRunner.run(SuiteRunner.java:286)
at org.testng.SuiteRunnerWorker.runSuite(SuiteRunnerWorker.java:53)
at org.testng.SuiteRunnerWorker.run(SuiteRunnerWorker.java:96)
at org.testng.TestNG.runSuitesSequentially(TestNG.java:1187)
at org.testng.TestNG.runSuitesLocally(TestNG.java:1109)
at org.testng.TestNG.runSuites(TestNG.java:1039)
at org.testng.TestNG.run(TestNG.java:1007)
at org.testng.remote.AbstractRemoteTestNG.run(AbstractRemoteTestNG.java:115)
at org.testng.remote.RemoteTestNG.initAndRun(RemoteTestNG.java:251)
at org.testng.remote.RemoteTestNG.main(RemoteTestNG.java:77)
]]>
    </failure>
  </testcase> <!-- @BeforeTest setUpBrowser -->
  <testcase classname="test.addAndDeleteAddress" name="@AfterTest browserClose" time="-1.593061143215E9">
    <skipped/>
  </testcase> <!-- @AfterTest browserClose -->
  <testcase classname="test.addAndDeleteAddress" name="launchURL" time="0.0">
    <skipped/>
  </testcase> <!-- launchURL -->
  <testcase classname="test.addAndDeleteAddress" name="signIn" time="0.0">
    <skipped/>
  </testcase> <!-- signIn -->
  <testcase classname="test.addAndDeleteAddress" name="addAddress" time="0.0">
    <skipped/>
  </testcase> <!-- addAddress -->
</testsuite> <!-- Default test -->
